<?xml version="1.0" encoding="UTF-8"?>
<coverage generated="1750933463548" clover="3.2.0">
  <project timestamp="1750933463548" name="All files">
    <metrics statements="7" coveredstatements="7" conditionals="13" coveredconditionals="13" methods="4" coveredmethods="4" elements="24" coveredelements="24" complexity="0" loc="7" ncloc="7" packages="2" files="2" classes="2"/>
    <package name="Button">
      <metrics statements="1" coveredstatements="1" conditionals="9" coveredconditionals="9" methods="1" coveredmethods="1"/>
      <file name="Button.jsx" path="C:\Users\dhanu\OneDrive\Desktop\LMS\Learnify-D\learnify\src\components\Button\Button.jsx">
        <metrics statements="1" coveredstatements="1" conditionals="9" coveredconditionals="9" methods="1" coveredmethods="1"/>
        <line num="15" count="4" type="stmt"/>
      </file>
    </package>
    <package name="Sidelink">
      <metrics statements="6" coveredstatements="6" conditionals="4" coveredconditionals="4" methods="3" coveredmethods="3"/>
      <file name="Sidelink.jsx" path="C:\Users\dhanu\OneDrive\Desktop\LMS\Learnify-D\learnify\src\components\Sidelink\Sidelink.jsx">
        <metrics statements="6" coveredstatements="6" conditionals="4" coveredconditionals="4" methods="3" coveredmethods="3"/>
        <line num="3" count="1" type="stmt"/>
        <line num="22" count="1" type="stmt"/>
        <line num="23" count="5" type="cond" truecount="2" falsecount="0"/>
        <line num="25" count="5" type="stmt"/>
        <line num="28" count="24" type="stmt"/>
        <line num="30" count="1" type="stmt"/>
      </file>
    </package>
  </project>
</coverage>
