<?xml version="1.0" encoding="UTF-8"?>
<coverage generated="1750998754007" clover="3.2.0">
  <project timestamp="1750998754008" name="All files">
    <metrics statements="9" coveredstatements="9" conditionals="19" coveredconditionals="19" methods="5" coveredmethods="5" elements="33" coveredelements="33" complexity="0" loc="9" ncloc="9" packages="3" files="3" classes="3"/>
    <package name="Button">
      <metrics statements="1" coveredstatements="1" conditionals="9" coveredconditionals="9" methods="1" coveredmethods="1"/>
      <file name="Button.jsx" path="C:\Users\dhanu\OneDrive\Desktop\LMS\Learnify-D\learnify\src\components\Button\Button.jsx">
        <metrics statements="1" coveredstatements="1" conditionals="9" coveredconditionals="9" methods="1" coveredmethods="1"/>
        <line num="15" count="4" type="stmt"/>
      </file>
    </package>
    <package name="InputComponent">
      <metrics statements="2" coveredstatements="2" conditionals="6" coveredconditionals="6" methods="1" coveredmethods="1"/>
      <file name="InputComponent.jsx" path="C:\Users\dhanu\OneDrive\Desktop\LMS\Learnify-D\learnify\src\components\InputComponent\InputComponent.jsx">
        <metrics statements="2" coveredstatements="2" conditionals="6" coveredconditionals="6" methods="1" coveredmethods="1"/>
        <line num="3" count="1" type="stmt"/>
        <line num="11" count="3" type="stmt"/>
      </file>
    </package>
    <package name="Sidelink">
      <metrics statements="6" coveredstatements="6" conditionals="4" coveredconditionals="4" methods="3" coveredmethods="3"/>
      <file name="Sidelink.jsx" path="C:\Users\dhanu\OneDrive\Desktop\LMS\Learnify-D\learnify\src\components\Sidelink\Sidelink.jsx">
        <metrics statements="6" coveredstatements="6" conditionals="4" coveredconditionals="4" methods="3" coveredmethods="3"/>
        <line num="3" count="1" type="stmt"/>
        <line num="22" count="1" type="stmt"/>
        <line num="23" count="5" type="cond" truecount="2" falsecount="0"/>
        <line num="25" count="5" type="stmt"/>
        <line num="28" count="24" type="stmt"/>
        <line num="30" count="1" type="stmt"/>
      </file>
    </package>
  </project>
</coverage>
