{
  "C:\\Users\\dhanu\\OneDrive\\Desktop\\LMS\\Learnify-D\\learnify\\src\\components\\Button\\Button.jsx": {
    "path": "C:\\Users\\dhanu\\OneDrive\\Desktop\\LMS\\Learnify-D\\learnify\\src\\components\\Button\\Button.jsx",
    "statementMap": {
      "0": {
        "start": { "line": 15, "column": 2 },
        "end": { "line": 25, "column": 4 }
      }
    },
    "fnMap": {
      "0": {
        "name": "Button",
        "decl": {
          "start": { "line": 3, "column": 9 },
          "end": { "line": 3, "column": 15 }
        },
        "loc": {
          "start": { "line": 14, "column": 3 },
          "end": { "line": 26, "column": 1 }
        },
        "line": 14
      }
    },
    "branchMap": {
      "0": {
        "loc": {
          "start": { "line": 6, "column": 2 },
          "end": { "line": 6, "column": 25 }
        },
        "type": "default-arg",
        "locations": [
          {
            "start": { "line": 6, "column": 12 },
            "end": { "line": 6, "column": 25 }
          }
        ],
        "line": 6
      },
      "1": {
        "loc": {
          "start": { "line": 7, "column": 2 },
          "end": { "line": 7, "column": 26 }
        },
        "type": "default-arg",
        "locations": [
          {
            "start": { "line": 7, "column": 14 },
            "end": { "line": 7, "column": 26 }
          }
        ],
        "line": 7
      },
      "2": {
        "loc": {
          "start": { "line": 8, "column": 2 },
          "end": { "line": 8, "column": 18 }
        },
        "type": "default-arg",
        "locations": [
          {
            "start": { "line": 8, "column": 10 },
            "end": { "line": 8, "column": 18 }
          }
        ],
        "line": 8
      },
      "3": {
        "loc": {
          "start": { "line": 9, "column": 2 },
          "end": { "line": 9, "column": 19 }
        },
        "type": "default-arg",
        "locations": [
          {
            "start": { "line": 9, "column": 11 },
            "end": { "line": 9, "column": 19 }
          }
        ],
        "line": 9
      },
      "4": {
        "loc": {
          "start": { "line": 10, "column": 2 },
          "end": { "line": 10, "column": 29 }
        },
        "type": "default-arg",
        "locations": [
          {
            "start": { "line": 10, "column": 17 },
            "end": { "line": 10, "column": 29 }
          }
        ],
        "line": 10
      },
      "5": {
        "loc": {
          "start": { "line": 11, "column": 2 },
          "end": { "line": 11, "column": 13 }
        },
        "type": "default-arg",
        "locations": [
          {
            "start": { "line": 11, "column": 11 },
            "end": { "line": 11, "column": 13 }
          }
        ],
        "line": 11
      },
      "6": {
        "loc": {
          "start": { "line": 12, "column": 2 },
          "end": { "line": 12, "column": 18 }
        },
        "type": "default-arg",
        "locations": [
          {
            "start": { "line": 12, "column": 16 },
            "end": { "line": 12, "column": 18 }
          }
        ],
        "line": 12
      },
      "7": {
        "loc": {
          "start": { "line": 20, "column": 7 },
          "end": { "line": 22, "column": 7 }
        },
        "type": "binary-expr",
        "locations": [
          {
            "start": { "line": 20, "column": 7 },
            "end": { "line": 20, "column": 11 }
          },
          {
            "start": { "line": 21, "column": 8 },
            "end": { "line": 21, "column": 76 }
          }
        ],
        "line": 20
      }
    },
    "s": { "0": 4 },
    "f": { "0": 4 },
    "b": {
      "0": [3],
      "1": [3],
      "2": [3],
      "3": [4],
      "4": [4],
      "5": [4],
      "6": [4],
      "7": [4, 1]
    },
    "_coverageSchema": "1a1c01bbd47fc00a2c39e90264f33305004495a9",
    "hash": "15781f86b752a2dee475d6deb3f8071357941d79"
  }
}
