{"C:\\Users\\dhanu\\OneDrive\\Desktop\\LMS\\Learnify-D\\learnify\\src\\components\\Card\\Card.jsx": {"path":"C:\\Users\\dhanu\\OneDrive\\Desktop\\LMS\\Learnify-D\\learnify\\src\\components\\Card\\Card.jsx","statementMap":{"0":{"start":{"line":3,"column":13},"end":{"line":27,"column":1}},"1":{"start":{"line":15,"column":2},"end":{"line":26,"column":4}}},"fnMap":{"0":{"name":"(anonymous_0)","decl":{"start":{"line":3,"column":13},"end":{"line":3,"column":14}},"loc":{"start":{"line":14,"column":6},"end":{"line":27,"column":1}},"line":14}},"branchMap":{"0":{"loc":{"start":{"line":7,"column":2},"end":{"line":7,"column":22}},"type":"default-arg","locations":[{"start":{"line":7,"column":12},"end":{"line":7,"column":22}}],"line":7},"1":{"loc":{"start":{"line":8,"column":2},"end":{"line":8,"column":26}},"type":"default-arg","locations":[{"start":{"line":8,"column":14},"end":{"line":8,"column":26}}],"line":8},"2":{"loc":{"start":{"line":9,"column":2},"end":{"line":9,"column":18}},"type":"default-arg","locations":[{"start":{"line":9,"column":10},"end":{"line":9,"column":18}}],"line":9},"3":{"loc":{"start":{"line":10,"column":2},"end":{"line":10,"column":19}},"type":"default-arg","locations":[{"start":{"line":10,"column":11},"end":{"line":10,"column":19}}],"line":10},"4":{"loc":{"start":{"line":11,"column":2},"end":{"line":11,"column":29}},"type":"default-arg","locations":[{"start":{"line":11,"column":17},"end":{"line":11,"column":29}}],"line":11},"5":{"loc":{"start":{"line":12,"column":2},"end":{"line":12,"column":22}},"type":"default-arg","locations":[{"start":{"line":12,"column":11},"end":{"line":12,"column":22}}],"line":12},"6":{"loc":{"start":{"line":13,"column":2},"end":{"line":13,"column":17}},"type":"default-arg","locations":[{"start":{"line":13,"column":12},"end":{"line":13,"column":17}}],"line":13}},"s":{"0":1,"1":5},"f":{"0":5},"b":{"0":[1],"1":[1],"2":[1],"3":[1],"4":[1],"5":[1],"6":[1]},"_coverageSchema":"1a1c01bbd47fc00a2c39e90264f33305004495a9","hash":"7081a78084e270eb713162df0166c06fa233e3e8"}
,"C:\\Users\\dhanu\\OneDrive\\Desktop\\LMS\\Learnify-D\\learnify\\src\\components\\Login\\Login.jsx": {"path":"C:\\Users\\dhanu\\OneDrive\\Desktop\\LMS\\Learnify-D\\learnify\\src\\components\\Login\\Login.jsx","statementMap":{"0":{"start":{"line":3,"column":14},"end":{"line":80,"column":1}},"1":{"start":{"line":4,"column":32},"end":{"line":4,"column":46}},"2":{"start":{"line":6,"column":21},"end":{"line":6,"column":47}},"3":{"start":{"line":6,"column":27},"end":{"line":6,"column":47}},"4":{"start":{"line":8,"column":2},"end":{"line":79,"column":4}}},"fnMap":{"0":{"name":"(anonymous_0)","decl":{"start":{"line":3,"column":14},"end":{"line":3,"column":15}},"loc":{"start":{"line":3,"column":20},"end":{"line":80,"column":1}},"line":3},"1":{"name":"(anonymous_1)","decl":{"start":{"line":6,"column":21},"end":{"line":6,"column":22}},"loc":{"start":{"line":6,"column":27},"end":{"line":6,"column":47}},"line":6}},"branchMap":{"0":{"loc":{"start":{"line":24,"column":11},"end":{"line":24,"column":47}},"type":"cond-expr","locations":[{"start":{"line":24,"column":21},"end":{"line":24,"column":28}},{"start":{"line":24,"column":31},"end":{"line":24,"column":47}}],"line":24},"1":{"loc":{"start":{"line":28,"column":11},"end":{"line":41,"column":11}},"type":"binary-expr","locations":[{"start":{"line":28,"column":11},"end":{"line":28,"column":19}},{"start":{"line":29,"column":12},"end":{"line":40,"column":15}}],"line":28},"2":{"loc":{"start":{"line":56,"column":9},"end":{"line":62,"column":9}},"type":"binary-expr","locations":[{"start":{"line":56,"column":9},"end":{"line":56,"column":16}},{"start":{"line":57,"column":10},"end":{"line":61,"column":16}}],"line":56},"3":{"loc":{"start":{"line":65,"column":11},"end":{"line":65,"column":47}},"type":"cond-expr","locations":[{"start":{"line":65,"column":21},"end":{"line":65,"column":28}},{"start":{"line":65,"column":31},"end":{"line":65,"column":47}}],"line":65},"4":{"loc":{"start":{"line":69,"column":11},"end":{"line":69,"column":74}},"type":"cond-expr","locations":[{"start":{"line":69,"column":21},"end":{"line":69,"column":45}},{"start":{"line":69,"column":48},"end":{"line":69,"column":74}}],"line":69},"5":{"loc":{"start":{"line":74,"column":13},"end":{"line":74,"column":49}},"type":"cond-expr","locations":[{"start":{"line":74,"column":23},"end":{"line":74,"column":39}},{"start":{"line":74,"column":42},"end":{"line":74,"column":49}}],"line":74}},"s":{"0":1,"1":9,"2":9,"3":4,"4":9},"f":{"0":9,"1":4},"b":{"0":[6,3],"1":[9,3],"2":[9,6],"3":[6,3],"4":[6,3],"5":[6,3]},"_coverageSchema":"1a1c01bbd47fc00a2c39e90264f33305004495a9","hash":"1493fde0cc49a7f653cbf884f4d622f4ae938660"}
,"C:\\Users\\dhanu\\OneDrive\\Desktop\\LMS\\Learnify-D\\learnify\\src\\components\\Sidelink\\Sidelink.jsx": {"path":"C:\\Users\\dhanu\\OneDrive\\Desktop\\LMS\\Learnify-D\\learnify\\src\\components\\Sidelink\\Sidelink.jsx","statementMap":{"0":{"start":{"line":3,"column":17},"end":{"line":20,"column":1}},"1":{"start":{"line":22,"column":17},"end":{"line":41,"column":1}},"2":{"start":{"line":23,"column":16},"end":{"line":23,"column":36}},"3":{"start":{"line":25,"column":2},"end":{"line":40,"column":4}},"4":{"start":{"line":28,"column":8},"end":{"line":37,"column":17}},"5":{"start":{"line":30,"column":25},"end":{"line":30,"column":39}}},"fnMap":{"0":{"name":"(anonymous_0)","decl":{"start":{"line":22,"column":17},"end":{"line":22,"column":18}},"loc":{"start":{"line":22,"column":53},"end":{"line":41,"column":1}},"line":22},"1":{"name":"(anonymous_1)","decl":{"start":{"line":27,"column":17},"end":{"line":27,"column":18}},"loc":{"start":{"line":28,"column":8},"end":{"line":37,"column":17}},"line":28},"2":{"name":"(anonymous_2)","decl":{"start":{"line":30,"column":19},"end":{"line":30,"column":20}},"loc":{"start":{"line":30,"column":25},"end":{"line":30,"column":39}},"line":30}},"branchMap":{"0":{"loc":{"start":{"line":23,"column":16},"end":{"line":23,"column":36}},"type":"binary-expr","locations":[{"start":{"line":23,"column":16},"end":{"line":23,"column":30}},{"start":{"line":23,"column":34},"end":{"line":23,"column":36}}],"line":23},"1":{"loc":{"start":{"line":32,"column":12},"end":{"line":32,"column":69}},"type":"cond-expr","locations":[{"start":{"line":32,"column":30},"end":{"line":32,"column":45}},{"start":{"line":32,"column":48},"end":{"line":32,"column":69}}],"line":32}},"s":{"0":1,"1":1,"2":5,"3":5,"4":24,"5":1},"f":{"0":5,"1":24,"2":1},"b":{"0":[5,1],"1":[4,20]},"_coverageSchema":"1a1c01bbd47fc00a2c39e90264f33305004495a9","hash":"abee46c69464384554dd87bc40777e0ead2f5214"}
}
