TN:
SF:src\components\Card\Card.jsx
FN:3,(anonymous_0)
FNF:1
FNH:1
FNDA:5,(anonymous_0)
DA:3,1
DA:15,5
LF:2
LH:2
BRDA:7,0,0,1
BRDA:8,1,0,1
BRDA:9,2,0,1
BRDA:10,3,0,1
BRDA:11,4,0,1
BRDA:12,5,0,1
BRDA:13,6,0,1
BRF:7
BRH:7
end_of_record
TN:
SF:src\components\Login\Login.jsx
FN:3,(anonymous_0)
FN:6,(anonymous_1)
FNF:2
FNH:2
FNDA:9,(anonymous_0)
FNDA:4,(anonymous_1)
DA:3,1
DA:4,9
DA:6,9
DA:8,9
LF:4
LH:4
BRDA:24,0,0,6
BRDA:24,0,1,3
BRDA:28,1,0,9
BRDA:28,1,1,3
BRDA:56,2,0,9
BRDA:56,2,1,6
BRDA:65,3,0,6
BRDA:65,3,1,3
BRDA:69,4,0,6
BRDA:69,4,1,3
BRDA:74,5,0,6
BRDA:74,5,1,3
BRF:12
BRH:12
end_of_record
TN:
SF:src\components\Sidelink\Sidelink.jsx
FN:22,(anonymous_0)
FN:27,(anonymous_1)
FN:30,(anonymous_2)
FNF:3
FNH:3
FNDA:5,(anonymous_0)
FNDA:24,(anonymous_1)
FNDA:1,(anonymous_2)
DA:3,1
DA:22,1
DA:23,5
DA:25,5
DA:28,24
DA:30,1
LF:6
LH:6
BRDA:23,0,0,5
BRDA:23,0,1,1
BRDA:32,1,0,4
BRDA:32,1,1,20
BRF:4
BRH:4
end_of_record
