TN:
SF:src\components\Button\Button.jsx
FN:3,Button
FNF:1
FNH:1
FNDA:4,Button
DA:15,4
LF:1
LH:1
BRDA:6,0,0,3
BRDA:7,1,0,3
BRDA:8,2,0,3
BRDA:9,3,0,4
BRDA:10,4,0,4
BRDA:11,5,0,4
BRDA:12,6,0,4
BRDA:20,7,0,4
BRDA:20,7,1,1
BRF:9
BRH:9
end_of_record
TN:
SF:src\components\Sidelink\Sidelink.jsx
FN:22,(anonymous_0)
FN:27,(anonymous_1)
FN:30,(anonymous_2)
FNF:3
FNH:3
FNDA:5,(anonymous_0)
FNDA:24,(anonymous_1)
FNDA:1,(anonymous_2)
DA:3,1
DA:22,1
DA:23,5
DA:25,5
DA:28,24
DA:30,1
LF:6
LH:6
BRDA:23,0,0,5
BRDA:23,0,1,1
BRDA:32,1,0,4
BRDA:32,1,1,20
BRF:4
BRH:4
end_of_record
